2025-12-17 10:21:34,035 | INFO | Loading data
2025-12-17 10:21:41,101 | INFO | Building TF-IDF N-gram features
2025-12-17 10:21:45,698 | INFO | Training LSTM: units=4
2025-12-17 10:21:53,664 | INFO | LSTM units=4 | Acc=0.9339, Prec=0.9268, Rec=0.9432, F1=0.9349
2025-12-17 10:21:53,665 | INFO | Training LSTM: units=8
2025-12-17 10:22:01,991 | INFO | LSTM units=8 | Acc=0.9461, Prec=0.9424, Rec=0.9512, F1=0.9468
2025-12-17 10:22:01,992 | INFO | Training LSTM: units=12
2025-12-17 10:22:11,851 | INFO | LSTM units=12 | Acc=0.9564, Prec=0.9530, Rec=0.9608, F1=0.9569
2025-12-17 10:22:11,852 | INFO | Training LSTM: units=16
2025-12-17 10:22:23,250 | INFO | LSTM units=16 | Acc=0.9613, Prec=0.9587, Rec=0.9647, F1=0.9617
2025-12-17 10:22:23,250 | INFO | Training LSTM: units=20
2025-12-17 10:22:34,709 | INFO | LSTM units=20 | Acc=0.9660, Prec=0.9674, Rec=0.9651, F1=0.9662
2025-12-17 10:22:34,709 | INFO | Training LSTM: units=24
2025-12-17 10:22:46,492 | INFO | LSTM units=24 | Acc=0.9702, Prec=0.9635, Rec=0.9779, F1=0.9706
2025-12-17 10:22:46,493 | INFO | Training LSTM: units=28
2025-12-17 10:22:59,538 | INFO | LSTM units=28 | Acc=0.9722, Prec=0.9678, Rec=0.9774, F1=0.9725
2025-12-17 10:22:59,538 | INFO | Training LSTM: units=32
2025-12-17 10:23:13,246 | INFO | LSTM units=32 | Acc=0.9757, Prec=0.9744, Rec=0.9775, F1=0.9760
2025-12-17 10:23:13,247 | INFO | Training LSTM: units=36
2025-12-17 10:23:28,287 | INFO | LSTM units=36 | Acc=0.9773, Prec=0.9780, Rec=0.9770, F1=0.9775
2025-12-17 10:23:28,287 | INFO | Training LSTM: units=40
2025-12-17 10:23:43,757 | INFO | LSTM units=40 | Acc=0.9803, Prec=0.9744, Rec=0.9868, F1=0.9805
2025-12-17 10:23:43,757 | INFO | Training LSTM: units=44
2025-12-17 10:24:00,321 | INFO | LSTM units=44 | Acc=0.9821, Prec=0.9829, Rec=0.9815, F1=0.9822
2025-12-17 10:24:00,322 | INFO | Training LSTM: units=48
2025-12-17 10:24:17,890 | INFO | LSTM units=48 | Acc=0.9829, Prec=0.9780, Rec=0.9884, F1=0.9832
2025-12-17 10:24:17,890 | INFO | Training LSTM: units=52
2025-12-17 10:24:36,907 | INFO | LSTM units=52 | Acc=0.9831, Prec=0.9800, Rec=0.9865, F1=0.9832
2025-12-17 10:24:36,907 | INFO | Training LSTM: units=56
2025-12-17 10:24:56,387 | INFO | LSTM units=56 | Acc=0.9848, Prec=0.9844, Rec=0.9854, F1=0.9849
2025-12-17 10:24:56,388 | INFO | Training LSTM: units=60
2025-12-17 10:25:16,963 | INFO | LSTM units=60 | Acc=0.9859, Prec=0.9848, Rec=0.9873, F1=0.9861
2025-12-17 10:25:16,964 | INFO | Training LSTM: units=64
2025-12-17 10:25:38,376 | INFO | LSTM units=64 | Acc=0.9859, Prec=0.9875, Rec=0.9844, F1=0.9860
2025-12-17 10:25:38,376 | INFO | Training LSTM: units=72
2025-12-17 10:26:03,980 | INFO | LSTM units=72 | Acc=0.9876, Prec=0.9833, Rec=0.9922, F1=0.9877
2025-12-17 10:26:03,981 | INFO | Training LSTM: units=80
2025-12-17 10:26:30,379 | INFO | LSTM units=80 | Acc=0.9887, Prec=0.9895, Rec=0.9880, F1=0.9887
2025-12-17 10:26:30,379 | INFO | Training LSTM: units=96
2025-12-17 10:27:00,402 | INFO | LSTM units=96 | Acc=0.9916, Prec=0.9910, Rec=0.9923, F1=0.9917
2025-12-17 10:27:00,402 | INFO | Training LSTM: units=128
2025-12-17 10:27:39,493 | INFO | LSTM units=128 | Acc=0.9939, Prec=0.9946, Rec=0.9933, F1=0.9939
2025-12-17 10:27:39,499 | INFO | TF-IDF NGRAM LSTM experiments finished
