2025-12-17 10:29:47,332 | INFO | Loading data
2025-12-17 10:29:54,515 | INFO | Building TF-IDF features: unigram
2025-12-17 10:29:55,386 | INFO | Training LSTM: units=4
2025-12-17 10:30:00,028 | INFO | LSTM units=4 | Acc=0.9145, Prec=0.9049, Rec=0.9277, F1=0.9162
2025-12-17 10:30:00,028 | INFO | Training LSTM: units=8
2025-12-17 10:30:04,493 | INFO | LSTM units=8 | Acc=0.9298, Prec=0.9278, Rec=0.9333, F1=0.9305
2025-12-17 10:30:04,493 | INFO | Training LSTM: units=12
2025-12-17 10:30:09,896 | INFO | LSTM units=12 | Acc=0.9404, Prec=0.9353, Rec=0.9472, F1=0.9412
2025-12-17 10:30:09,897 | INFO | Training LSTM: units=16
2025-12-17 10:30:15,668 | INFO | LSTM units=16 | Acc=0.9475, Prec=0.9367, Rec=0.9608, F1=0.9486
2025-12-17 10:30:15,668 | INFO | Training LSTM: units=20
2025-12-17 10:30:22,790 | INFO | LSTM units=20 | Acc=0.9527, Prec=0.9503, Rec=0.9562, F1=0.9532
2025-12-17 10:30:22,790 | INFO | Training LSTM: units=24
2025-12-17 10:30:31,404 | INFO | LSTM units=24 | Acc=0.9562, Prec=0.9470, Rec=0.9672, F1=0.9570
2025-12-17 10:30:31,404 | INFO | Training LSTM: units=28
2025-12-17 10:30:39,276 | INFO | LSTM units=28 | Acc=0.9570, Prec=0.9550, Rec=0.9599, F1=0.9574
2025-12-17 10:30:39,276 | INFO | Training LSTM: units=32
2025-12-17 10:30:47,605 | INFO | LSTM units=32 | Acc=0.9617, Prec=0.9519, Rec=0.9731, F1=0.9624
2025-12-17 10:30:47,605 | INFO | Training LSTM: units=36
2025-12-17 10:30:56,587 | INFO | LSTM units=36 | Acc=0.9633, Prec=0.9620, Rec=0.9653, F1=0.9637
2025-12-17 10:30:56,587 | INFO | Training LSTM: units=40
2025-12-17 10:31:06,429 | INFO | LSTM units=40 | Acc=0.9641, Prec=0.9585, Rec=0.9709, F1=0.9646
2025-12-17 10:31:06,429 | INFO | Training LSTM: units=44
2025-12-17 10:31:17,369 | INFO | LSTM units=44 | Acc=0.9674, Prec=0.9622, Rec=0.9735, F1=0.9678
2025-12-17 10:31:17,369 | INFO | Training LSTM: units=48
2025-12-17 10:31:29,865 | INFO | LSTM units=48 | Acc=0.9694, Prec=0.9714, Rec=0.9677, F1=0.9696
2025-12-17 10:31:29,865 | INFO | Training LSTM: units=52
2025-12-17 10:31:41,902 | INFO | LSTM units=52 | Acc=0.9700, Prec=0.9696, Rec=0.9709, F1=0.9702
2025-12-17 10:31:41,902 | INFO | Training LSTM: units=56
2025-12-17 10:31:54,753 | INFO | LSTM units=56 | Acc=0.9711, Prec=0.9678, Rec=0.9750, F1=0.9714
2025-12-17 10:31:54,754 | INFO | Training LSTM: units=60
2025-12-17 10:32:08,372 | INFO | LSTM units=60 | Acc=0.9728, Prec=0.9741, Rec=0.9718, F1=0.9730
2025-12-17 10:32:08,372 | INFO | Training LSTM: units=64
2025-12-17 10:32:23,187 | INFO | LSTM units=64 | Acc=0.9731, Prec=0.9673, Rec=0.9796, F1=0.9734
2025-12-17 10:32:23,188 | INFO | Training LSTM: units=72
2025-12-17 10:32:41,675 | INFO | LSTM units=72 | Acc=0.9751, Prec=0.9770, Rec=0.9735, F1=0.9753
2025-12-17 10:32:41,676 | INFO | Training LSTM: units=80
2025-12-17 10:33:00,540 | INFO | LSTM units=80 | Acc=0.9763, Prec=0.9728, Rec=0.9803, F1=0.9765
2025-12-17 10:33:00,540 | INFO | Training LSTM: units=96
2025-12-17 10:33:20,893 | INFO | LSTM units=96 | Acc=0.9795, Prec=0.9743, Rec=0.9852, F1=0.9797
2025-12-17 10:33:20,894 | INFO | Training LSTM: units=128
2025-12-17 10:33:45,765 | INFO | LSTM units=128 | Acc=0.9834, Prec=0.9838, Rec=0.9832, F1=0.9835
2025-12-17 10:33:45,771 | INFO | LSTM-only experiments finished
