2025-12-17 08:22:37,856 | INFO | Loading data
2025-12-17 08:22:44,712 | INFO | Building TF-IDF N-gram features
2025-12-17 08:22:48,410 | INFO | LogReg training: C=0.0001
2025-12-17 08:22:48,696 | INFO | LogReg training: C=0.001
2025-12-17 08:22:49,051 | INFO | LogReg training: C=0.005
2025-12-17 08:22:49,347 | INFO | LogReg training: C=0.01
2025-12-17 08:22:49,559 | INFO | LogReg training: C=0.05
2025-12-17 08:22:49,781 | INFO | LogReg training: C=0.1
2025-12-17 08:22:49,991 | INFO | LogReg training: C=0.5
2025-12-17 08:22:50,194 | INFO | LogReg training: C=1
2025-12-17 08:22:50,393 | INFO | LogReg training: C=2
2025-12-17 08:22:50,667 | INFO | LogReg training: C=5
2025-12-17 08:22:50,864 | INFO | LogReg training: C=10
2025-12-17 08:22:51,060 | INFO | LogReg training: C=20
2025-12-17 08:22:51,257 | INFO | LogReg training: C=50
2025-12-17 08:22:51,452 | INFO | LogReg training: C=100
2025-12-17 08:22:51,650 | INFO | LogReg training: C=200
2025-12-17 08:22:51,843 | INFO | LogReg training: C=300
2025-12-17 08:22:52,059 | INFO | LogReg training: C=500
2025-12-17 08:22:52,257 | INFO | LogReg training: C=700
2025-12-17 08:22:52,464 | INFO | LogReg training: C=900
2025-12-17 08:22:52,669 | INFO | LogReg training: C=1000
2025-12-17 08:22:52,867 | INFO | RandomForest: n_estimators=50, depth=5
2025-12-17 08:22:53,229 | INFO | RandomForest: n_estimators=50, depth=10
2025-12-17 08:22:53,652 | INFO | RandomForest: n_estimators=50, depth=15
2025-12-17 08:22:54,190 | INFO | RandomForest: n_estimators=50, depth=20
2025-12-17 08:22:54,799 | INFO | RandomForest: n_estimators=100, depth=5
2025-12-17 08:22:55,372 | INFO | RandomForest: n_estimators=100, depth=10
2025-12-17 08:22:56,125 | INFO | RandomForest: n_estimators=100, depth=15
2025-12-17 08:22:57,189 | INFO | RandomForest: n_estimators=100, depth=20
2025-12-17 08:22:58,206 | INFO | RandomForest: n_estimators=150, depth=5
2025-12-17 08:22:58,996 | INFO | RandomForest: n_estimators=150, depth=10
2025-12-17 08:22:59,978 | INFO | RandomForest: n_estimators=150, depth=15
2025-12-17 08:23:01,148 | INFO | RandomForest: n_estimators=150, depth=20
2025-12-17 08:23:02,551 | INFO | RandomForest: n_estimators=200, depth=5
2025-12-17 08:23:03,489 | INFO | RandomForest: n_estimators=200, depth=10
2025-12-17 08:23:04,682 | INFO | RandomForest: n_estimators=200, depth=15
2025-12-17 08:23:06,162 | INFO | RandomForest: n_estimators=200, depth=20
2025-12-17 08:23:08,059 | INFO | RandomForest: n_estimators=300, depth=5
2025-12-17 08:23:09,412 | INFO | RandomForest: n_estimators=300, depth=10
2025-12-17 08:23:11,135 | INFO | RandomForest: n_estimators=300, depth=15
2025-12-17 08:23:13,273 | INFO | RandomForest: n_estimators=300, depth=20
2025-12-17 08:23:15,896 | INFO | AdaBoost: n_estimators=50, lr=0.01
2025-12-17 08:23:36,992 | INFO | AdaBoost: n_estimators=50, lr=0.05
2025-12-17 08:23:58,004 | INFO | AdaBoost: n_estimators=50, lr=0.1
2025-12-17 08:24:18,941 | INFO | AdaBoost: n_estimators=50, lr=0.5
2025-12-17 08:24:40,085 | INFO | AdaBoost: n_estimators=100, lr=0.01
2025-12-17 08:25:22,401 | INFO | AdaBoost: n_estimators=100, lr=0.05
2025-12-17 08:26:06,657 | INFO | AdaBoost: n_estimators=100, lr=0.1
2025-12-17 08:26:51,307 | INFO | AdaBoost: n_estimators=100, lr=0.5
2025-12-17 08:27:35,237 | INFO | AdaBoost: n_estimators=150, lr=0.01
2025-12-17 08:28:40,605 | INFO | AdaBoost: n_estimators=150, lr=0.05
2025-12-17 08:29:44,016 | INFO | AdaBoost: n_estimators=150, lr=0.1
2025-12-17 08:30:47,187 | INFO | AdaBoost: n_estimators=150, lr=0.5
2025-12-17 08:31:50,487 | INFO | AdaBoost: n_estimators=200, lr=0.01
2025-12-17 08:33:14,903 | INFO | AdaBoost: n_estimators=200, lr=0.05
2025-12-17 08:34:38,836 | INFO | AdaBoost: n_estimators=200, lr=0.1
2025-12-17 08:36:03,543 | INFO | AdaBoost: n_estimators=200, lr=0.5
2025-12-17 08:37:26,591 | INFO | AdaBoost: n_estimators=300, lr=0.01
2025-12-17 08:39:32,719 | INFO | AdaBoost: n_estimators=300, lr=0.05
2025-12-17 08:41:42,702 | INFO | AdaBoost: n_estimators=300, lr=0.1
2025-12-17 08:43:52,729 | INFO | AdaBoost: n_estimators=300, lr=0.5
2025-12-17 08:47:43,547 | INFO | Loading data
2025-12-17 08:47:50,396 | INFO | Building TF-IDF N-gram features
2025-12-17 08:47:54,016 | INFO | LogReg training: C=0.0001
2025-12-17 08:47:54,283 | INFO | LogReg training: C=0.001
2025-12-17 08:47:54,628 | INFO | LogReg training: C=0.005
2025-12-17 08:47:54,921 | INFO | LogReg training: C=0.01
2025-12-17 08:47:55,128 | INFO | LogReg training: C=0.05
2025-12-17 08:47:55,348 | INFO | LogReg training: C=0.1
2025-12-17 08:47:55,565 | INFO | LogReg training: C=0.5
2025-12-17 08:47:55,758 | INFO | LogReg training: C=1
2025-12-17 08:47:55,956 | INFO | LogReg training: C=2
2025-12-17 08:47:56,150 | INFO | LogReg training: C=5
2025-12-17 08:47:56,340 | INFO | LogReg training: C=10
2025-12-17 08:47:56,528 | INFO | LogReg training: C=20
2025-12-17 08:47:56,711 | INFO | LogReg training: C=50
2025-12-17 08:47:56,900 | INFO | LogReg training: C=100
2025-12-17 08:47:57,087 | INFO | LogReg training: C=200
2025-12-17 08:47:57,275 | INFO | LogReg training: C=300
2025-12-17 08:47:57,473 | INFO | LogReg training: C=500
2025-12-17 08:47:57,665 | INFO | LogReg training: C=700
2025-12-17 08:47:57,873 | INFO | LogReg training: C=900
2025-12-17 08:47:58,065 | INFO | LogReg training: C=1000
2025-12-17 08:47:58,256 | INFO | RandomForest: n_estimators=50, depth=5
2025-12-17 08:47:58,612 | INFO | RandomForest: n_estimators=50, depth=10
2025-12-17 08:47:59,016 | INFO | RandomForest: n_estimators=50, depth=15
2025-12-17 08:47:59,512 | INFO | RandomForest: n_estimators=50, depth=20
2025-12-17 08:48:00,097 | INFO | RandomForest: n_estimators=100, depth=5
2025-12-17 08:48:00,662 | INFO | RandomForest: n_estimators=100, depth=10
2025-12-17 08:48:01,384 | INFO | RandomForest: n_estimators=100, depth=15
2025-12-17 08:48:02,192 | INFO | RandomForest: n_estimators=100, depth=20
2025-12-17 08:48:03,162 | INFO | RandomForest: n_estimators=150, depth=5
2025-12-17 08:48:03,946 | INFO | RandomForest: n_estimators=150, depth=10
2025-12-17 08:48:04,898 | INFO | RandomForest: n_estimators=150, depth=15
2025-12-17 08:48:06,017 | INFO | RandomForest: n_estimators=150, depth=20
2025-12-17 08:48:07,414 | INFO | RandomForest: n_estimators=200, depth=5
2025-12-17 08:48:08,397 | INFO | RandomForest: n_estimators=200, depth=10
2025-12-17 08:48:09,621 | INFO | RandomForest: n_estimators=200, depth=15
2025-12-17 08:48:11,117 | INFO | RandomForest: n_estimators=200, depth=20
2025-12-17 08:48:12,944 | INFO | RandomForest: n_estimators=300, depth=5
2025-12-17 08:48:14,340 | INFO | RandomForest: n_estimators=300, depth=10
2025-12-17 08:48:16,129 | INFO | RandomForest: n_estimators=300, depth=15
2025-12-17 08:48:18,303 | INFO | RandomForest: n_estimators=300, depth=20
2025-12-17 08:48:21,341 | INFO | AdaBoost: n_estimators=50, lr=0.01
2025-12-17 08:48:42,751 | INFO | AdaBoost: n_estimators=50, lr=0.05
2025-12-17 08:49:03,783 | INFO | AdaBoost: n_estimators=50, lr=0.1
2025-12-17 08:49:24,857 | INFO | AdaBoost: n_estimators=50, lr=0.5
2025-12-17 08:49:45,909 | INFO | AdaBoost: n_estimators=100, lr=0.01
2025-12-17 08:50:27,843 | INFO | AdaBoost: n_estimators=100, lr=0.05
2025-12-17 08:51:09,789 | INFO | AdaBoost: n_estimators=100, lr=0.1
2025-12-17 08:51:51,601 | INFO | AdaBoost: n_estimators=100, lr=0.5
2025-12-17 08:52:33,467 | INFO | AdaBoost: n_estimators=150, lr=0.01
2025-12-17 08:53:40,520 | INFO | AdaBoost: n_estimators=150, lr=0.05
2025-12-17 08:54:48,671 | INFO | AdaBoost: n_estimators=150, lr=0.1
2025-12-17 08:55:53,071 | INFO | AdaBoost: n_estimators=150, lr=0.5
2025-12-17 08:56:57,289 | INFO | AdaBoost: n_estimators=200, lr=0.01
2025-12-17 08:58:22,291 | INFO | AdaBoost: n_estimators=200, lr=0.05
2025-12-17 08:59:47,869 | INFO | AdaBoost: n_estimators=200, lr=0.1
2025-12-17 09:01:13,556 | INFO | AdaBoost: n_estimators=200, lr=0.5
2025-12-17 09:02:39,065 | INFO | AdaBoost: n_estimators=300, lr=0.01
2025-12-17 09:04:50,435 | INFO | AdaBoost: n_estimators=300, lr=0.05
2025-12-17 09:06:59,980 | INFO | AdaBoost: n_estimators=300, lr=0.1
2025-12-17 09:09:11,206 | INFO | AdaBoost: n_estimators=300, lr=0.5
2025-12-17 09:11:18,458 | INFO | TF-IDF NGRAM (3 models) finished
